<?xml version="1.0" encoding="UTF-8"?>
<!-- Generated by org.testng.reporters.JUnitReportReporter -->
<testsuite skipped="0" hostname="suresh-PC" name="com.orangehrm.commonfunctions.Hrm_Admin_page" tests="4" failures="0" timestamp="12 Jun 2020 03:26:21 GMT" time="33.645" errors="0">
  <testcase name="Browser" time="14.137" classname="com.orangehrm.commonfunctions.Hrm_Admin_page"/>
  <testcase name="login_page" time="9.540" classname="com.orangehrm.commonfunctions.Hrm_Admin_page"/>
  <testcase name="Pim_Details" time="5.419" classname="com.orangehrm.commonfunctions.Hrm_Admin_page"/>
  <testcase name="leave_page" time="4.549" classname="com.orangehrm.commonfunctions.Hrm_Admin_page"/>
</testsuite> <!-- com.orangehrm.commonfunctions.Hrm_Admin_page -->
